<?xml version="1.0" encoding="UTF-8"?>
<testng-results ignored="0" total="1" passed="1" failed="0" skipped="0">
  <reporter-output>
  </reporter-output>
  <suite started-at="2021-12-30T16:58:02 IST" name="Default suite" finished-at="2021-12-30T16:58:31 IST" duration-ms="29621">
    <groups>
    </groups>
    <test started-at="2021-12-30T16:58:02 IST" name="Default test" finished-at="2021-12-30T16:58:31 IST" duration-ms="29621">
      <class name="com.myproject.testcases.AllScenerioTest">
        <test-method is-config="true" signature="loadConfig()[pri:0, instance:com.myproject.testcases.AllScenerioTest@73e22a3d]" started-at="2021-12-30T16:58:02 IST" name="loadConfig" finished-at="2021-12-30T16:58:02 IST" duration-ms="6" status="PASS">
          <reporter-output>
          </reporter-output>
        </test-method> <!-- loadConfig -->
        <test-method is-config="true" signature="setup()[pri:0, instance:com.myproject.testcases.AllScenerioTest@73e22a3d]" started-at="2021-12-30T16:58:02 IST" name="setup" finished-at="2021-12-30T16:58:07 IST" duration-ms="5599" status="PASS">
          <reporter-output>
          </reporter-output>
        </test-method> <!-- setup -->
        <test-method signature="scenerioTest()[pri:0, instance:com.myproject.testcases.AllScenerioTest@73e22a3d]" started-at="2021-12-30T16:58:07 IST" name="scenerioTest" finished-at="2021-12-30T16:58:31 IST" duration-ms="23852" status="PASS">
          <reporter-output>
          </reporter-output>
        </test-method> <!-- scenerioTest -->
        <test-method is-config="true" signature="tearDown()[pri:0, instance:com.myproject.testcases.AllScenerioTest@73e22a3d]" started-at="2021-12-30T16:58:31 IST" name="tearDown" finished-at="2021-12-30T16:58:31 IST" duration-ms="138" status="PASS">
          <reporter-output>
          </reporter-output>
        </test-method> <!-- tearDown -->
      </class> <!-- com.myproject.testcases.AllScenerioTest -->
    </test> <!-- Default test -->
  </suite> <!-- Default suite -->
</testng-results>
